#-----------------------------------------------------------
# Vivado v2022.1 (64-bit)
# SW Build 3526262 on Mon Apr 18 15:48:16 MDT 2022
# IP Build 3524634 on Mon Apr 18 20:55:01 MDT 2022
# Start of session at: Sat Oct 19 21:14:29 2024
# Process ID: 23448
# Current directory: C:/Users/riyas/Desktop/RVNE-ISA-proc/rvne
# Command line: vivado.exe -gui_launcher_event rodinguilauncherevent20776 C:\Users\riyas\Desktop\RVNE-ISA-proc\rvne\rvne.xpr
# Log file: C:/Users/riyas/Desktop/RVNE-ISA-proc/rvne/vivado.log
# Journal file: C:/Users/riyas/Desktop/RVNE-ISA-proc/rvne\vivado.jou
# Running On: RiyaSachLaptop, OS: Windows, CPU Frequency: 3072 MHz, CPU Physical cores: 16, Host memory: 33945 MB
#-----------------------------------------------------------
start_gui
open_project C:/Users/riyas/Desktop/RVNE-ISA-proc/rvne/rvne.xpr
WARNING: [Board 49-26] cannot add Board Part xilinx.com:vpk120_es:part0:1.2 available at C:/Xilinx/Vivado/2022.1/data/xhub/boards/XilinxBoardStore/boards/Xilinx/vpk120/es/1.2/board.xml as part xcvp1202-vsva2785-2mp-e-s-es1 specified in board_part file is either invalid or not available
WARNING: [Board 49-26] cannot add Board Part xilinx.com:vpk120_es_revb:part0:1.0 available at C:/Xilinx/Vivado/2022.1/data/xhub/boards/XilinxBoardStore/boards/Xilinx/vpk120_revb/es/1.0/board.xml as part xcvp1202-vsva2785-2mp-e-s-es1 specified in board_part file is either invalid or not available
WARNING: [Board 49-26] cannot add Board Part xilinx.com:zcu208ld:part0:2.0 available at C:/Xilinx/Vivado/2022.1/data/xhub/boards/XilinxBoardStore/boards/Xilinx/zcu208ld/production/2.0/board.xml as part xczu58dr-fsvg1517-2-i specified in board_part file is either invalid or not available
WARNING: [Board 49-26] cannot add Board Part xilinx.com:zcu216ld:part0:2.0 available at C:/Xilinx/Vivado/2022.1/data/xhub/boards/XilinxBoardStore/boards/Xilinx/zcu216ld/production/2.0/board.xml as part xczu59dr-ffvf1760-2-i specified in board_part file is either invalid or not available
WARNING: [Board 49-26] cannot add Board Part xilinx.com:zcu670:part0:2.0 available at C:/Xilinx/Vivado/2022.1/data/xhub/boards/XilinxBoardStore/boards/Xilinx/zcu670/2.0/board.xml as part xczu67dr-fsve1156-2-i specified in board_part file is either invalid or not available
WARNING: [Board 49-26] cannot add Board Part xilinx.com:zcu670ld:part0:1.0 available at C:/Xilinx/Vivado/2022.1/data/xhub/boards/XilinxBoardStore/boards/Xilinx/zcu670ld/1.0/board.xml as part xczu57dr-fsve1156-2-i specified in board_part file is either invalid or not available
INFO: [Project 1-313] Project file moved from 'C:/Users/riyas/Desktop/rvne' since last save.
INFO: [filemgmt 56-1] Board Part Repository Path: Directory not found as 'C:/Users/riyas/Desktop/AppData/Roaming/Xilinx/Vivado/2022.1/xhub/board_store/xilinx_board_store'; using path 'C:/Users/riyas/AppData/Roaming/Xilinx/Vivado/2022.1/xhub/board_store/xilinx_board_store' instead.
INFO: [filemgmt 56-2] Default IP Output Path : Could not find the directory 'C:/Users/riyas/Desktop/RVNE-ISA-proc/rvne/rvne.gen/sources_1', nor could it be found using path 'C:/Users/riyas/Desktop/rvne/rvne.gen/sources_1'.
Scanning sources...
Finished scanning sources
INFO: [IP_Flow 19-234] Refreshing IP repositories
INFO: [IP_Flow 19-1704] No user IP repositories specified
INFO: [IP_Flow 19-2313] Loaded Vivado IP repository 'C:/Xilinx/Vivado/2022.1/data/ip'.
open_project: Time (s): cpu = 00:00:07 ; elapsed = 00:00:09 . Memory (MB): peak = 1681.293 ; gain = 0.000
update_compile_order -fileset sources_1
exit
INFO: [Common 17-206] Exiting Vivado at Sun Oct 20 01:37:06 2024...
